Start testing: Dec 02 09:47 UTC
----------------------------------------------------------
Unable to find executable: /workspaces/tp4-note-tommy_bastienf_christine/build/runTests
1/1 Testing: MyTests
1/1 Test: MyTests
Command: ""
Directory: /workspaces/tp4-note-tommy_bastienf_christine/build
"MyTests" start time: 
Output:
----------------------------------------------------------
<end of output>
Test time =   0.00 sec
----------------------------------------------------------
Test Passed.
"MyTests" end time: Dec 02 09:47 UTC
"MyTests" time elapsed: 00:00:00
----------------------------------------------------------

End testing: Dec 02 09:47 UTC
